2024-06-08 13:14:31.999 [background-preinit] [34mINFO [0;39m [36mo.h.validator.internal.util.Version[0;39m - HV000001: Hibernate Validator 8.0.1.Final
2024-06-08 13:14:32.042 [main] [34mINFO [0;39m [36mc.g.d.DrugStoreBeApplication[0;39m - Starting DrugStoreBeApplication using Java 17.0.9 with PID 90424 (/Users/sohmac/Desktop/sc_portfolio/sc_java/drug_store_be/build/classes/java/main started by sohmac in /Users/sohmac/Desktop/sc_portfolio/sc_java/drug_store_be)
2024-06-08 13:14:32.043 [main] [34mINFO [0;39m [36mc.g.d.DrugStoreBeApplication[0;39m - The following 1 profile is active: "prod"
2024-06-08 13:14:33.462 [main] [34mINFO [0;39m [36mo.s.d.r.c.RepositoryConfigurationDelegate[0;39m - Bootstrapping Spring Data JPA repositories in DEFAULT mode.
2024-06-08 13:14:33.560 [main] [34mINFO [0;39m [36mo.s.d.r.c.RepositoryConfigurationDelegate[0;39m - Finished Spring Data repository scanning in 87 ms. Found 14 JPA repository interfaces.
2024-06-08 13:14:33.827 [main] [34mINFO [0;39m [36mc.u.j.c.EnableEncryptablePropertiesBeanFactoryPostProcessor[0;39m - Post-processing PropertySource instances
2024-06-08 13:14:33.829 [main] [34mINFO [0;39m [36mc.u.j.EncryptablePropertySourceConverter[0;39m - Skipping PropertySource configurationProperties [class org.springframework.boot.context.properties.source.ConfigurationPropertySourcesPropertySource
2024-06-08 13:14:33.829 [main] [34mINFO [0;39m [36mc.u.j.EncryptablePropertySourceConverter[0;39m - Skipping PropertySource servletConfigInitParams [class org.springframework.core.env.PropertySource$StubPropertySource
2024-06-08 13:14:33.829 [main] [34mINFO [0;39m [36mc.u.j.EncryptablePropertySourceConverter[0;39m - Skipping PropertySource servletContextInitParams [class org.springframework.core.env.PropertySource$StubPropertySource
2024-06-08 13:14:33.830 [main] [34mINFO [0;39m [36mc.u.j.EncryptablePropertySourceConverter[0;39m - Converting PropertySource systemProperties [org.springframework.core.env.PropertiesPropertySource] to EncryptableMapPropertySourceWrapper
2024-06-08 13:14:33.830 [main] [34mINFO [0;39m [36mc.u.j.EncryptablePropertySourceConverter[0;39m - Converting PropertySource systemEnvironment [org.springframework.boot.env.SystemEnvironmentPropertySourceEnvironmentPostProcessor$OriginAwareSystemEnvironmentPropertySource] to EncryptableSystemEnvironmentPropertySourceWrapper
2024-06-08 13:14:33.830 [main] [34mINFO [0;39m [36mc.u.j.EncryptablePropertySourceConverter[0;39m - Converting PropertySource random [org.springframework.boot.env.RandomValuePropertySource] to EncryptablePropertySourceWrapper
2024-06-08 13:14:33.830 [main] [34mINFO [0;39m [36mc.u.j.EncryptablePropertySourceConverter[0;39m - Converting PropertySource Config resource 'class path resource [application-prod.yaml]' via location 'optional:classpath:/' [org.springframework.boot.env.OriginTrackedMapPropertySource] to EncryptableMapPropertySourceWrapper
2024-06-08 13:14:33.830 [main] [34mINFO [0;39m [36mc.u.j.EncryptablePropertySourceConverter[0;39m - Converting PropertySource Config resource 'class path resource [application.yaml]' via location 'optional:classpath:/' [org.springframework.boot.env.OriginTrackedMapPropertySource] to EncryptableMapPropertySourceWrapper
2024-06-08 13:14:34.067 [main] [34mINFO [0;39m [36mc.u.j.f.DefaultLazyPropertyFilter[0;39m - Property Filter custom Bean not found with name 'encryptablePropertyFilter'. Initializing Default Property Filter
2024-06-08 13:14:34.074 [main] [34mINFO [0;39m [36mc.u.j.r.DefaultLazyPropertyResolver[0;39m - Property Resolver custom Bean not found with name 'encryptablePropertyResolver'. Initializing Default Property Resolver
2024-06-08 13:14:34.075 [main] [34mINFO [0;39m [36mc.u.j.d.DefaultLazyPropertyDetector[0;39m - Property Detector custom Bean not found with name 'encryptablePropertyDetector'. Initializing Default Property Detector
2024-06-08 13:14:34.150 [main] [34mINFO [0;39m [36mo.s.b.w.e.tomcat.TomcatWebServer[0;39m - Tomcat initialized with port 8080 (http)
2024-06-08 13:14:34.154 [main] [34mINFO [0;39m [36mo.a.coyote.http11.Http11NioProtocol[0;39m - Initializing ProtocolHandler ["http-nio-8080"]
2024-06-08 13:14:34.155 [main] [34mINFO [0;39m [36mo.a.catalina.core.StandardService[0;39m - Starting service [Tomcat]
2024-06-08 13:14:34.155 [main] [34mINFO [0;39m [36mo.a.catalina.core.StandardEngine[0;39m - Starting Servlet engine: [Apache Tomcat/10.1.18]
2024-06-08 13:14:34.186 [main] [34mINFO [0;39m [36mo.a.c.c.C.[Tomcat].[localhost].[/][0;39m - Initializing Spring embedded WebApplicationContext
2024-06-08 13:14:34.187 [main] [34mINFO [0;39m [36mo.s.b.w.s.c.ServletWebServerApplicationContext[0;39m - Root WebApplicationContext: initialization completed in 2113 ms
2024-06-08 13:14:34.247 [main] [34mINFO [0;39m [36mc.u.j.encryptor.DefaultLazyEncryptor[0;39m - Found Custom Encryptor Bean org.jasypt.encryption.pbe.PooledPBEStringEncryptor@283ab206 with name: jasyptStringEncryptor
2024-06-08 13:14:34.317 [main] [34mINFO [0;39m [36mcom.zaxxer.hikari.HikariDataSource[0;39m - HikariPool-1 - Starting...
2024-06-08 13:14:37.214 [main] [34mINFO [0;39m [36mcom.zaxxer.hikari.pool.HikariPool[0;39m - HikariPool-1 - Added connection org.mariadb.jdbc.Connection@b3857e2
2024-06-08 13:14:37.217 [main] [34mINFO [0;39m [36mcom.zaxxer.hikari.HikariDataSource[0;39m - HikariPool-1 - Start completed.
2024-06-08 13:14:37.259 [main] [34mINFO [0;39m [36mo.h.jpa.internal.util.LogHelper[0;39m - HHH000204: Processing PersistenceUnitInfo [name: default]
2024-06-08 13:14:37.293 [main] [34mINFO [0;39m [36morg.hibernate.Version[0;39m - HHH000412: Hibernate ORM core version 6.4.1.Final
2024-06-08 13:14:37.307 [main] [34mINFO [0;39m [36mo.h.c.i.RegionFactoryInitiator[0;39m - HHH000026: Second-level cache disabled
2024-06-08 13:14:37.414 [main] [34mINFO [0;39m [36mo.s.o.j.p.SpringPersistenceUnitInfo[0;39m - No LoadTimeWeaver setup: ignoring JPA class transformer
2024-06-08 13:14:37.754 [main] [31mWARN [0;39m [36morg.hibernate.orm.deprecation[0;39m - HHH90000025: MySQLDialect does not need to be specified explicitly using 'hibernate.dialect' (remove the property setting and it will be selected by default)
2024-06-08 13:14:38.538 [main] [34mINFO [0;39m [36mo.h.e.t.j.p.i.JtaPlatformInitiator[0;39m - HHH000489: No JTA platform available (set 'hibernate.transaction.jta.platform' to enable JTA platform integration)
2024-06-08 13:14:38.539 [main] [34mINFO [0;39m [36mo.s.o.j.LocalContainerEntityManagerFactoryBean[0;39m - Initialized JPA EntityManagerFactory for persistence unit 'default'
2024-06-08 13:14:38.653 [main] [34mINFO [0;39m [36mo.s.d.j.r.query.QueryEnhancerFactory[0;39m - Hibernate is in classpath; If applicable, HQL parser will be used.
2024-06-08 13:14:39.509 [main] [31mWARN [0;39m [36mo.s.b.a.o.j.JpaBaseConfiguration$JpaWebConfiguration[0;39m - spring.jpa.open-in-view is enabled by default. Therefore, database queries may be performed during view rendering. Explicitly configure spring.jpa.open-in-view to disable this warning
2024-06-08 13:14:39.834 [main] [34mINFO [0;39m [36mo.s.s.web.DefaultSecurityFilterChain[0;39m - Will secure any request with [org.springframework.security.web.session.DisableEncodeUrlFilter@4f8365b2, org.springframework.security.web.context.request.async.WebAsyncManagerIntegrationFilter@4cdf89a1, org.springframework.security.web.context.SecurityContextHolderFilter@10b954f7, org.springframework.security.web.header.HeaderWriterFilter@74694f06, org.springframework.web.filter.CorsFilter@6d093764, org.springframework.security.web.authentication.logout.LogoutFilter@8080f48, com.github.drug_store_be.web.filter.JwtAuthenticationFilter@739a1850, org.springframework.security.web.savedrequest.RequestCacheAwareFilter@5607f2fc, org.springframework.security.web.servletapi.SecurityContextHolderAwareRequestFilter@1ae60fb5, org.springframework.security.web.authentication.AnonymousAuthenticationFilter@27e05d64, org.springframework.security.web.session.SessionManagementFilter@4111c29d, org.springframework.security.web.access.ExceptionTranslationFilter@4262ac5e, org.springframework.security.web.access.intercept.FilterSecurityInterceptor@7aa5596f]
2024-06-08 13:14:39.986 [main] [34mINFO [0;39m [36mo.a.coyote.http11.Http11NioProtocol[0;39m - Starting ProtocolHandler ["http-nio-8080"]
2024-06-08 13:14:39.996 [main] [34mINFO [0;39m [36mo.s.b.w.e.tomcat.TomcatWebServer[0;39m - Tomcat started on port 8080 (http) with context path ''
2024-06-08 13:14:39.997 [main] [34mINFO [0;39m [36mc.u.j.c.RefreshScopeRefreshedEventListener[0;39m - Refreshing cached encryptable property sources on ServletWebServerInitializedEvent
2024-06-08 13:14:39.997 [main] [34mINFO [0;39m [36mc.u.j.c.CachingDelegateEncryptablePropertySource[0;39m - Property Source systemProperties refreshed
2024-06-08 13:14:39.997 [main] [34mINFO [0;39m [36mc.u.j.c.CachingDelegateEncryptablePropertySource[0;39m - Property Source systemEnvironment refreshed
2024-06-08 13:14:39.997 [main] [34mINFO [0;39m [36mc.u.j.c.CachingDelegateEncryptablePropertySource[0;39m - Property Source random refreshed
2024-06-08 13:14:39.997 [main] [34mINFO [0;39m [36mc.u.j.c.CachingDelegateEncryptablePropertySource[0;39m - Property Source Config resource 'class path resource [application-prod.yaml]' via location 'optional:classpath:/' refreshed
2024-06-08 13:14:39.997 [main] [34mINFO [0;39m [36mc.u.j.c.CachingDelegateEncryptablePropertySource[0;39m - Property Source Config resource 'class path resource [application.yaml]' via location 'optional:classpath:/' refreshed
2024-06-08 13:14:39.997 [main] [34mINFO [0;39m [36mc.u.j.EncryptablePropertySourceConverter[0;39m - Skipping PropertySource configurationProperties [class org.springframework.boot.context.properties.source.ConfigurationPropertySourcesPropertySource
2024-06-08 13:14:39.997 [main] [34mINFO [0;39m [36mc.u.j.EncryptablePropertySourceConverter[0;39m - Skipping PropertySource servletConfigInitParams [class org.springframework.core.env.PropertySource$StubPropertySource
2024-06-08 13:14:39.997 [main] [34mINFO [0;39m [36mc.u.j.EncryptablePropertySourceConverter[0;39m - Converting PropertySource servletContextInitParams [org.springframework.web.context.support.ServletContextPropertySource] to EncryptableEnumerablePropertySourceWrapper
2024-06-08 13:14:40.002 [main] [34mINFO [0;39m [36mc.g.d.DrugStoreBeApplication[0;39m - Started DrugStoreBeApplication in 8.365 seconds (process running for 8.725)
2024-06-08 13:14:42.455 [HikariPool-1 connection adder] [31mWARN [0;39m [36mo.m.jdbc.message.server.ErrorPacket[0;39m - Error: 1040-08004: Too many connections
2024-06-08 13:14:43.500 [HikariPool-1 connection adder] [31mWARN [0;39m [36mo.m.jdbc.message.server.ErrorPacket[0;39m - Error: 1040-08004: Too many connections
2024-06-08 13:14:44.548 [HikariPool-1 connection adder] [31mWARN [0;39m [36mo.m.jdbc.message.server.ErrorPacket[0;39m - Error: 1040-08004: Too many connections
2024-06-08 13:14:45.597 [HikariPool-1 connection adder] [31mWARN [0;39m [36mo.m.jdbc.message.server.ErrorPacket[0;39m - Error: 1040-08004: Too many connections
2024-06-08 13:14:46.733 [HikariPool-1 connection adder] [31mWARN [0;39m [36mo.m.jdbc.message.server.ErrorPacket[0;39m - Error: 1040-08004: Too many connections
2024-06-08 13:14:46.938 [http-nio-8080-exec-2] [34mINFO [0;39m [36mo.a.c.c.C.[Tomcat].[localhost].[/][0;39m - Initializing Spring DispatcherServlet 'dispatcherServlet'
2024-06-08 13:14:46.939 [http-nio-8080-exec-2] [34mINFO [0;39m [36mo.s.web.servlet.DispatcherServlet[0;39m - Initializing Servlet 'dispatcherServlet'
2024-06-08 13:14:46.942 [http-nio-8080-exec-2] [34mINFO [0;39m [36mo.s.web.servlet.DispatcherServlet[0;39m - Completed initialization in 3 ms
2024-06-08 13:14:47.996 [HikariPool-1 connection adder] [31mWARN [0;39m [36mo.m.jdbc.message.server.ErrorPacket[0;39m - Error: 1040-08004: Too many connections
2024-06-08 13:14:49.588 [HikariPool-1 connection adder] [31mWARN [0;39m [36mo.m.jdbc.message.server.ErrorPacket[0;39m - Error: 1040-08004: Too many connections
2024-06-08 13:14:51.893 [HikariPool-1 connection adder] [31mWARN [0;39m [36mo.m.jdbc.message.server.ErrorPacket[0;39m - Error: 1040-08004: Too many connections
2024-06-08 13:14:55.445 [HikariPool-1 connection adder] [31mWARN [0;39m [36mo.m.jdbc.message.server.ErrorPacket[0;39m - Error: 1040-08004: Too many connections
2024-06-08 13:15:01.414 [HikariPool-1 connection adder] [31mWARN [0;39m [36mo.m.jdbc.message.server.ErrorPacket[0;39m - Error: 1040-08004: Too many connections
2024-06-08 13:15:07.452 [HikariPool-1 connection adder] [31mWARN [0;39m [36mo.m.jdbc.message.server.ErrorPacket[0;39m - Error: 1040-08004: Too many connections
2024-06-08 13:15:13.472 [HikariPool-1 connection adder] [31mWARN [0;39m [36mo.m.jdbc.message.server.ErrorPacket[0;39m - Error: 1040-08004: Too many connections
2024-06-08 13:15:19.456 [HikariPool-1 connection adder] [31mWARN [0;39m [36mo.m.jdbc.message.server.ErrorPacket[0;39m - Error: 1040-08004: Too many connections
2024-06-08 13:15:25.520 [HikariPool-1 connection adder] [31mWARN [0;39m [36mo.m.jdbc.message.server.ErrorPacket[0;39m - Error: 1040-08004: Too many connections
2024-06-08 13:15:31.444 [HikariPool-1 connection adder] [31mWARN [0;39m [36mo.m.jdbc.message.server.ErrorPacket[0;39m - Error: 1040-08004: Too many connections
2024-06-08 13:15:37.346 [HikariPool-1 connection adder] [31mWARN [0;39m [36mo.m.jdbc.message.server.ErrorPacket[0;39m - Error: 1040-08004: Too many connections
2024-06-08 13:15:43.369 [HikariPool-1 connection adder] [31mWARN [0;39m [36mo.m.jdbc.message.server.ErrorPacket[0;39m - Error: 1040-08004: Too many connections
2024-06-08 13:15:49.312 [HikariPool-1 connection adder] [31mWARN [0;39m [36mo.m.jdbc.message.server.ErrorPacket[0;39m - Error: 1040-08004: Too many connections
2024-06-08 13:15:55.259 [HikariPool-1 connection adder] [31mWARN [0;39m [36mo.m.jdbc.message.server.ErrorPacket[0;39m - Error: 1040-08004: Too many connections
2024-06-08 13:16:01.185 [HikariPool-1 connection adder] [31mWARN [0;39m [36mo.m.jdbc.message.server.ErrorPacket[0;39m - Error: 1040-08004: Too many connections
2024-06-08 13:16:07.140 [HikariPool-1 connection adder] [31mWARN [0;39m [36mo.m.jdbc.message.server.ErrorPacket[0;39m - Error: 1040-08004: Too many connections
2024-06-08 13:16:13.043 [HikariPool-1 connection adder] [31mWARN [0;39m [36mo.m.jdbc.message.server.ErrorPacket[0;39m - Error: 1040-08004: Too many connections
2024-06-08 13:16:19.120 [HikariPool-1 connection adder] [31mWARN [0;39m [36mo.m.jdbc.message.server.ErrorPacket[0;39m - Error: 1040-08004: Too many connections
2024-06-08 13:16:25.026 [HikariPool-1 connection adder] [31mWARN [0;39m [36mo.m.jdbc.message.server.ErrorPacket[0;39m - Error: 1040-08004: Too many connections
2024-06-08 13:16:30.931 [HikariPool-1 connection adder] [31mWARN [0;39m [36mo.m.jdbc.message.server.ErrorPacket[0;39m - Error: 1040-08004: Too many connections
2024-06-08 13:16:36.858 [HikariPool-1 connection adder] [31mWARN [0;39m [36mo.m.jdbc.message.server.ErrorPacket[0;39m - Error: 1040-08004: Too many connections
2024-06-08 13:16:42.775 [HikariPool-1 connection adder] [31mWARN [0;39m [36mo.m.jdbc.message.server.ErrorPacket[0;39m - Error: 1040-08004: Too many connections
2024-06-08 13:16:48.684 [HikariPool-1 connection adder] [31mWARN [0;39m [36mo.m.jdbc.message.server.ErrorPacket[0;39m - Error: 1040-08004: Too many connections
2024-06-08 13:16:55.855 [HikariPool-1 connection adder] [31mWARN [0;39m [36mo.m.jdbc.message.server.ErrorPacket[0;39m - Error: 1040-08004: Too many connections
2024-06-08 13:17:01.811 [HikariPool-1 connection adder] [31mWARN [0;39m [36mo.m.jdbc.message.server.ErrorPacket[0;39m - Error: 1040-08004: Too many connections
2024-06-08 13:17:07.746 [HikariPool-1 connection adder] [31mWARN [0;39m [36mo.m.jdbc.message.server.ErrorPacket[0;39m - Error: 1040-08004: Too many connections
2024-06-08 13:17:13.663 [HikariPool-1 connection adder] [31mWARN [0;39m [36mo.m.jdbc.message.server.ErrorPacket[0;39m - Error: 1040-08004: Too many connections
2024-06-08 13:17:19.581 [HikariPool-1 connection adder] [31mWARN [0;39m [36mo.m.jdbc.message.server.ErrorPacket[0;39m - Error: 1040-08004: Too many connections
2024-06-08 13:17:25.505 [HikariPool-1 connection adder] [31mWARN [0;39m [36mo.m.jdbc.message.server.ErrorPacket[0;39m - Error: 1040-08004: Too many connections
2024-06-08 13:17:31.445 [HikariPool-1 connection adder] [31mWARN [0;39m [36mo.m.jdbc.message.server.ErrorPacket[0;39m - Error: 1040-08004: Too many connections
2024-06-08 13:17:37.403 [HikariPool-1 connection adder] [31mWARN [0;39m [36mo.m.jdbc.message.server.ErrorPacket[0;39m - Error: 1040-08004: Too many connections
2024-06-08 13:17:43.328 [HikariPool-1 connection adder] [31mWARN [0;39m [36mo.m.jdbc.message.server.ErrorPacket[0;39m - Error: 1040-08004: Too many connections
2024-06-08 13:17:49.248 [HikariPool-1 connection adder] [31mWARN [0;39m [36mo.m.jdbc.message.server.ErrorPacket[0;39m - Error: 1040-08004: Too many connections
2024-06-08 13:17:55.203 [HikariPool-1 connection adder] [31mWARN [0;39m [36mo.m.jdbc.message.server.ErrorPacket[0;39m - Error: 1040-08004: Too many connections
2024-06-08 13:18:01.160 [HikariPool-1 connection adder] [31mWARN [0;39m [36mo.m.jdbc.message.server.ErrorPacket[0;39m - Error: 1040-08004: Too many connections
2024-06-08 13:18:07.110 [HikariPool-1 connection adder] [31mWARN [0;39m [36mo.m.jdbc.message.server.ErrorPacket[0;39m - Error: 1040-08004: Too many connections
2024-06-08 13:18:13.067 [HikariPool-1 connection adder] [31mWARN [0;39m [36mo.m.jdbc.message.server.ErrorPacket[0;39m - Error: 1040-08004: Too many connections
2024-06-08 13:18:18.990 [HikariPool-1 connection adder] [31mWARN [0;39m [36mo.m.jdbc.message.server.ErrorPacket[0;39m - Error: 1040-08004: Too many connections
2024-06-08 13:18:24.923 [HikariPool-1 connection adder] [31mWARN [0;39m [36mo.m.jdbc.message.server.ErrorPacket[0;39m - Error: 1040-08004: Too many connections
2024-06-08 13:18:30.856 [HikariPool-1 connection adder] [31mWARN [0;39m [36mo.m.jdbc.message.server.ErrorPacket[0;39m - Error: 1040-08004: Too many connections
2024-06-08 13:18:36.832 [HikariPool-1 connection adder] [31mWARN [0;39m [36mo.m.jdbc.message.server.ErrorPacket[0;39m - Error: 1040-08004: Too many connections
2024-06-08 13:18:42.779 [HikariPool-1 connection adder] [31mWARN [0;39m [36mo.m.jdbc.message.server.ErrorPacket[0;39m - Error: 1040-08004: Too many connections
2024-06-08 13:18:48.783 [HikariPool-1 connection adder] [31mWARN [0;39m [36mo.m.jdbc.message.server.ErrorPacket[0;39m - Error: 1040-08004: Too many connections
2024-06-08 13:18:54.721 [HikariPool-1 connection adder] [31mWARN [0;39m [36mo.m.jdbc.message.server.ErrorPacket[0;39m - Error: 1040-08004: Too many connections
2024-06-08 13:19:00.685 [HikariPool-1 connection adder] [31mWARN [0;39m [36mo.m.jdbc.message.server.ErrorPacket[0;39m - Error: 1040-08004: Too many connections
2024-06-08 13:19:06.593 [HikariPool-1 connection adder] [31mWARN [0;39m [36mo.m.jdbc.message.server.ErrorPacket[0;39m - Error: 1040-08004: Too many connections
2024-06-08 13:19:12.576 [HikariPool-1 connection adder] [31mWARN [0;39m [36mo.m.jdbc.message.server.ErrorPacket[0;39m - Error: 1040-08004: Too many connections
2024-06-08 13:19:18.533 [HikariPool-1 connection adder] [31mWARN [0;39m [36mo.m.jdbc.message.server.ErrorPacket[0;39m - Error: 1040-08004: Too many connections
2024-06-08 13:19:24.468 [HikariPool-1 connection adder] [31mWARN [0;39m [36mo.m.jdbc.message.server.ErrorPacket[0;39m - Error: 1040-08004: Too many connections
2024-06-08 13:19:30.429 [HikariPool-1 connection adder] [31mWARN [0;39m [36mo.m.jdbc.message.server.ErrorPacket[0;39m - Error: 1040-08004: Too many connections
2024-06-08 13:19:36.569 [HikariPool-1 connection adder] [31mWARN [0;39m [36mo.m.jdbc.message.server.ErrorPacket[0;39m - Error: 1040-08004: Too many connections
2024-06-08 13:19:42.476 [HikariPool-1 connection adder] [31mWARN [0;39m [36mo.m.jdbc.message.server.ErrorPacket[0;39m - Error: 1040-08004: Too many connections
2024-06-08 13:19:48.439 [HikariPool-1 connection adder] [31mWARN [0;39m [36mo.m.jdbc.message.server.ErrorPacket[0;39m - Error: 1040-08004: Too many connections
2024-06-08 13:19:54.375 [HikariPool-1 connection adder] [31mWARN [0;39m [36mo.m.jdbc.message.server.ErrorPacket[0;39m - Error: 1040-08004: Too many connections
2024-06-08 13:20:00.387 [HikariPool-1 connection adder] [31mWARN [0;39m [36mo.m.jdbc.message.server.ErrorPacket[0;39m - Error: 1040-08004: Too many connections
2024-06-08 13:20:06.310 [HikariPool-1 connection adder] [31mWARN [0;39m [36mo.m.jdbc.message.server.ErrorPacket[0;39m - Error: 1040-08004: Too many connections
2024-06-08 13:20:12.251 [HikariPool-1 connection adder] [31mWARN [0;39m [36mo.m.jdbc.message.server.ErrorPacket[0;39m - Error: 1040-08004: Too many connections
2024-06-08 13:20:18.172 [HikariPool-1 connection adder] [31mWARN [0;39m [36mo.m.jdbc.message.server.ErrorPacket[0;39m - Error: 1040-08004: Too many connections
2024-06-08 13:20:24.103 [HikariPool-1 connection adder] [31mWARN [0;39m [36mo.m.jdbc.message.server.ErrorPacket[0;39m - Error: 1040-08004: Too many connections
2024-06-08 13:20:30.082 [HikariPool-1 connection adder] [31mWARN [0;39m [36mo.m.jdbc.message.server.ErrorPacket[0;39m - Error: 1040-08004: Too many connections
2024-06-08 13:20:36.153 [HikariPool-1 connection adder] [31mWARN [0;39m [36mo.m.jdbc.message.server.ErrorPacket[0;39m - Error: 1040-08004: Too many connections
2024-06-08 13:20:42.091 [HikariPool-1 connection adder] [31mWARN [0;39m [36mo.m.jdbc.message.server.ErrorPacket[0;39m - Error: 1040-08004: Too many connections
2024-06-08 13:20:48.015 [HikariPool-1 connection adder] [31mWARN [0;39m [36mo.m.jdbc.message.server.ErrorPacket[0;39m - Error: 1040-08004: Too many connections
2024-06-08 13:20:53.975 [HikariPool-1 connection adder] [31mWARN [0;39m [36mo.m.jdbc.message.server.ErrorPacket[0;39m - Error: 1040-08004: Too many connections
2024-06-08 13:20:59.895 [HikariPool-1 connection adder] [31mWARN [0;39m [36mo.m.jdbc.message.server.ErrorPacket[0;39m - Error: 1040-08004: Too many connections
2024-06-08 13:21:05.803 [HikariPool-1 connection adder] [31mWARN [0;39m [36mo.m.jdbc.message.server.ErrorPacket[0;39m - Error: 1040-08004: Too many connections
2024-06-08 13:21:11.729 [HikariPool-1 connection adder] [31mWARN [0;39m [36mo.m.jdbc.message.server.ErrorPacket[0;39m - Error: 1040-08004: Too many connections
2024-06-08 13:21:17.631 [HikariPool-1 connection adder] [31mWARN [0;39m [36mo.m.jdbc.message.server.ErrorPacket[0;39m - Error: 1040-08004: Too many connections
2024-06-08 13:21:23.553 [HikariPool-1 connection adder] [31mWARN [0;39m [36mo.m.jdbc.message.server.ErrorPacket[0;39m - Error: 1040-08004: Too many connections
2024-06-08 13:21:29.494 [HikariPool-1 connection adder] [31mWARN [0;39m [36mo.m.jdbc.message.server.ErrorPacket[0;39m - Error: 1040-08004: Too many connections
2024-06-08 13:21:35.505 [HikariPool-1 connection adder] [31mWARN [0;39m [36mo.m.jdbc.message.server.ErrorPacket[0;39m - Error: 1040-08004: Too many connections
2024-06-08 13:21:41.450 [HikariPool-1 connection adder] [31mWARN [0;39m [36mo.m.jdbc.message.server.ErrorPacket[0;39m - Error: 1040-08004: Too many connections
2024-06-08 13:21:47.358 [HikariPool-1 connection adder] [31mWARN [0;39m [36mo.m.jdbc.message.server.ErrorPacket[0;39m - Error: 1040-08004: Too many connections
2024-06-08 13:21:53.283 [HikariPool-1 connection adder] [31mWARN [0;39m [36mo.m.jdbc.message.server.ErrorPacket[0;39m - Error: 1040-08004: Too many connections
2024-06-08 13:21:59.219 [HikariPool-1 connection adder] [31mWARN [0;39m [36mo.m.jdbc.message.server.ErrorPacket[0;39m - Error: 1040-08004: Too many connections
2024-06-08 13:22:05.152 [HikariPool-1 connection adder] [31mWARN [0;39m [36mo.m.jdbc.message.server.ErrorPacket[0;39m - Error: 1040-08004: Too many connections
2024-06-08 13:22:11.128 [HikariPool-1 connection adder] [31mWARN [0;39m [36mo.m.jdbc.message.server.ErrorPacket[0;39m - Error: 1040-08004: Too many connections
2024-06-08 13:22:17.068 [HikariPool-1 connection adder] [31mWARN [0;39m [36mo.m.jdbc.message.server.ErrorPacket[0;39m - Error: 1040-08004: Too many connections
2024-06-08 13:22:22.986 [HikariPool-1 connection adder] [31mWARN [0;39m [36mo.m.jdbc.message.server.ErrorPacket[0;39m - Error: 1040-08004: Too many connections
2024-06-08 13:22:28.923 [HikariPool-1 connection adder] [31mWARN [0;39m [36mo.m.jdbc.message.server.ErrorPacket[0;39m - Error: 1040-08004: Too many connections
2024-06-08 13:22:34.833 [HikariPool-1 connection adder] [31mWARN [0;39m [36mo.m.jdbc.message.server.ErrorPacket[0;39m - Error: 1040-08004: Too many connections
2024-06-08 13:22:40.768 [HikariPool-1 connection adder] [31mWARN [0;39m [36mo.m.jdbc.message.server.ErrorPacket[0;39m - Error: 1040-08004: Too many connections
2024-06-08 13:22:46.707 [HikariPool-1 connection adder] [31mWARN [0;39m [36mo.m.jdbc.message.server.ErrorPacket[0;39m - Error: 1040-08004: Too many connections
2024-06-08 13:22:52.667 [HikariPool-1 connection adder] [31mWARN [0;39m [36mo.m.jdbc.message.server.ErrorPacket[0;39m - Error: 1040-08004: Too many connections
2024-06-08 13:22:58.567 [HikariPool-1 connection adder] [31mWARN [0;39m [36mo.m.jdbc.message.server.ErrorPacket[0;39m - Error: 1040-08004: Too many connections
2024-06-08 13:23:04.497 [HikariPool-1 connection adder] [31mWARN [0;39m [36mo.m.jdbc.message.server.ErrorPacket[0;39m - Error: 1040-08004: Too many connections
2024-06-08 13:23:10.393 [HikariPool-1 connection adder] [31mWARN [0;39m [36mo.m.jdbc.message.server.ErrorPacket[0;39m - Error: 1040-08004: Too many connections
2024-06-08 13:23:16.315 [HikariPool-1 connection adder] [31mWARN [0;39m [36mo.m.jdbc.message.server.ErrorPacket[0;39m - Error: 1040-08004: Too many connections
2024-06-08 13:23:22.254 [HikariPool-1 connection adder] [31mWARN [0;39m [36mo.m.jdbc.message.server.ErrorPacket[0;39m - Error: 1040-08004: Too many connections
2024-06-08 13:23:28.195 [HikariPool-1 connection adder] [31mWARN [0;39m [36mo.m.jdbc.message.server.ErrorPacket[0;39m - Error: 1040-08004: Too many connections
2024-06-08 13:23:34.334 [HikariPool-1 connection adder] [31mWARN [0;39m [36mo.m.jdbc.message.server.ErrorPacket[0;39m - Error: 1040-08004: Too many connections
2024-06-08 13:23:40.476 [HikariPool-1 connection adder] [31mWARN [0;39m [36mo.m.jdbc.message.server.ErrorPacket[0;39m - Error: 1040-08004: Too many connections
2024-06-08 13:23:46.379 [HikariPool-1 connection adder] [31mWARN [0;39m [36mo.m.jdbc.message.server.ErrorPacket[0;39m - Error: 1040-08004: Too many connections
2024-06-08 13:23:52.371 [HikariPool-1 connection adder] [31mWARN [0;39m [36mo.m.jdbc.message.server.ErrorPacket[0;39m - Error: 1040-08004: Too many connections
2024-06-08 13:23:58.279 [HikariPool-1 connection adder] [31mWARN [0;39m [36mo.m.jdbc.message.server.ErrorPacket[0;39m - Error: 1040-08004: Too many connections
2024-06-08 13:24:04.212 [HikariPool-1 connection adder] [31mWARN [0;39m [36mo.m.jdbc.message.server.ErrorPacket[0;39m - Error: 1040-08004: Too many connections
2024-06-08 13:24:10.154 [HikariPool-1 connection adder] [31mWARN [0;39m [36mo.m.jdbc.message.server.ErrorPacket[0;39m - Error: 1040-08004: Too many connections
2024-06-08 13:24:16.065 [HikariPool-1 connection adder] [31mWARN [0;39m [36mo.m.jdbc.message.server.ErrorPacket[0;39m - Error: 1040-08004: Too many connections
2024-06-08 13:24:22.012 [HikariPool-1 connection adder] [31mWARN [0;39m [36mo.m.jdbc.message.server.ErrorPacket[0;39m - Error: 1040-08004: Too many connections
2024-06-08 13:24:27.982 [HikariPool-1 connection adder] [31mWARN [0;39m [36mo.m.jdbc.message.server.ErrorPacket[0;39m - Error: 1040-08004: Too many connections
2024-06-08 13:24:33.907 [HikariPool-1 connection adder] [31mWARN [0;39m [36mo.m.jdbc.message.server.ErrorPacket[0;39m - Error: 1040-08004: Too many connections
2024-06-08 13:24:39.857 [HikariPool-1 connection adder] [31mWARN [0;39m [36mo.m.jdbc.message.server.ErrorPacket[0;39m - Error: 1040-08004: Too many connections
2024-06-08 13:24:45.756 [HikariPool-1 connection adder] [31mWARN [0;39m [36mo.m.jdbc.message.server.ErrorPacket[0;39m - Error: 1040-08004: Too many connections
2024-06-08 13:24:51.662 [HikariPool-1 connection adder] [31mWARN [0;39m [36mo.m.jdbc.message.server.ErrorPacket[0;39m - Error: 1040-08004: Too many connections
2024-06-08 13:24:57.611 [HikariPool-1 connection adder] [31mWARN [0;39m [36mo.m.jdbc.message.server.ErrorPacket[0;39m - Error: 1040-08004: Too many connections
2024-06-08 13:25:03.595 [HikariPool-1 connection adder] [31mWARN [0;39m [36mo.m.jdbc.message.server.ErrorPacket[0;39m - Error: 1040-08004: Too many connections
2024-06-08 13:25:09.516 [HikariPool-1 connection adder] [31mWARN [0;39m [36mo.m.jdbc.message.server.ErrorPacket[0;39m - Error: 1040-08004: Too many connections
2024-06-08 13:25:15.423 [HikariPool-1 connection adder] [31mWARN [0;39m [36mo.m.jdbc.message.server.ErrorPacket[0;39m - Error: 1040-08004: Too many connections
2024-06-08 13:25:21.333 [HikariPool-1 connection adder] [31mWARN [0;39m [36mo.m.jdbc.message.server.ErrorPacket[0;39m - Error: 1040-08004: Too many connections
2024-06-08 13:25:27.280 [HikariPool-1 connection adder] [31mWARN [0;39m [36mo.m.jdbc.message.server.ErrorPacket[0;39m - Error: 1040-08004: Too many connections
2024-06-08 13:25:33.204 [HikariPool-1 connection adder] [31mWARN [0;39m [36mo.m.jdbc.message.server.ErrorPacket[0;39m - Error: 1040-08004: Too many connections
2024-06-08 13:25:39.366 [HikariPool-1 connection adder] [31mWARN [0;39m [36mo.m.jdbc.message.server.ErrorPacket[0;39m - Error: 1040-08004: Too many connections
2024-06-08 13:25:45.287 [HikariPool-1 connection adder] [31mWARN [0;39m [36mo.m.jdbc.message.server.ErrorPacket[0;39m - Error: 1040-08004: Too many connections
2024-06-08 13:25:51.208 [HikariPool-1 connection adder] [31mWARN [0;39m [36mo.m.jdbc.message.server.ErrorPacket[0;39m - Error: 1040-08004: Too many connections
2024-06-08 13:25:57.124 [HikariPool-1 connection adder] [31mWARN [0;39m [36mo.m.jdbc.message.server.ErrorPacket[0;39m - Error: 1040-08004: Too many connections
2024-06-08 13:26:03.056 [HikariPool-1 connection adder] [31mWARN [0;39m [36mo.m.jdbc.message.server.ErrorPacket[0;39m - Error: 1040-08004: Too many connections
2024-06-08 13:26:09.033 [HikariPool-1 connection adder] [31mWARN [0;39m [36mo.m.jdbc.message.server.ErrorPacket[0;39m - Error: 1040-08004: Too many connections
2024-06-08 13:26:14.993 [HikariPool-1 connection adder] [31mWARN [0;39m [36mo.m.jdbc.message.server.ErrorPacket[0;39m - Error: 1040-08004: Too many connections
2024-06-08 13:26:20.898 [HikariPool-1 connection adder] [31mWARN [0;39m [36mo.m.jdbc.message.server.ErrorPacket[0;39m - Error: 1040-08004: Too many connections
2024-06-08 13:26:26.830 [HikariPool-1 connection adder] [31mWARN [0;39m [36mo.m.jdbc.message.server.ErrorPacket[0;39m - Error: 1040-08004: Too many connections
2024-06-08 13:26:33.614 [HikariPool-1 connection adder] [31mWARN [0;39m [36mo.m.jdbc.message.server.ErrorPacket[0;39m - Error: 1040-08004: Too many connections
2024-06-08 13:26:39.907 [HikariPool-1 connection adder] [31mWARN [0;39m [36mo.m.jdbc.message.server.ErrorPacket[0;39m - Error: 1040-08004: Too many connections
2024-06-08 13:26:46.199 [HikariPool-1 connection adder] [31mWARN [0;39m [36mo.m.jdbc.message.server.ErrorPacket[0;39m - Error: 1040-08004: Too many connections
2024-06-08 13:26:52.360 [HikariPool-1 connection adder] [31mWARN [0;39m [36mo.m.jdbc.message.server.ErrorPacket[0;39m - Error: 1040-08004: Too many connections
2024-06-08 13:26:58.284 [HikariPool-1 connection adder] [31mWARN [0;39m [36mo.m.jdbc.message.server.ErrorPacket[0;39m - Error: 1040-08004: Too many connections
2024-06-08 13:27:04.294 [HikariPool-1 connection adder] [31mWARN [0;39m [36mo.m.jdbc.message.server.ErrorPacket[0;39m - Error: 1040-08004: Too many connections
2024-06-08 13:27:10.264 [HikariPool-1 connection adder] [31mWARN [0;39m [36mo.m.jdbc.message.server.ErrorPacket[0;39m - Error: 1040-08004: Too many connections
2024-06-08 13:27:16.274 [HikariPool-1 connection adder] [31mWARN [0;39m [36mo.m.jdbc.message.server.ErrorPacket[0;39m - Error: 1040-08004: Too many connections
2024-06-08 13:27:22.243 [HikariPool-1 connection adder] [31mWARN [0;39m [36mo.m.jdbc.message.server.ErrorPacket[0;39m - Error: 1040-08004: Too many connections
2024-06-08 13:27:28.178 [HikariPool-1 connection adder] [31mWARN [0;39m [36mo.m.jdbc.message.server.ErrorPacket[0;39m - Error: 1040-08004: Too many connections
2024-06-08 13:27:34.182 [HikariPool-1 connection adder] [31mWARN [0;39m [36mo.m.jdbc.message.server.ErrorPacket[0;39m - Error: 1040-08004: Too many connections
2024-06-08 13:27:40.369 [HikariPool-1 connection adder] [31mWARN [0;39m [36mo.m.jdbc.message.server.ErrorPacket[0;39m - Error: 1040-08004: Too many connections
2024-06-08 13:27:46.361 [HikariPool-1 connection adder] [31mWARN [0;39m [36mo.m.jdbc.message.server.ErrorPacket[0;39m - Error: 1040-08004: Too many connections
2024-06-08 13:27:52.442 [HikariPool-1 connection adder] [31mWARN [0;39m [36mo.m.jdbc.message.server.ErrorPacket[0;39m - Error: 1040-08004: Too many connections
2024-06-08 13:27:58.558 [HikariPool-1 connection adder] [31mWARN [0;39m [36mo.m.jdbc.message.server.ErrorPacket[0;39m - Error: 1040-08004: Too many connections
2024-06-08 13:28:04.463 [HikariPool-1 connection adder] [31mWARN [0;39m [36mo.m.jdbc.message.server.ErrorPacket[0;39m - Error: 1040-08004: Too many connections
2024-06-08 13:28:10.387 [HikariPool-1 connection adder] [31mWARN [0;39m [36mo.m.jdbc.message.server.ErrorPacket[0;39m - Error: 1040-08004: Too many connections
2024-06-08 13:28:16.350 [HikariPool-1 connection adder] [31mWARN [0;39m [36mo.m.jdbc.message.server.ErrorPacket[0;39m - Error: 1040-08004: Too many connections
2024-06-08 13:28:22.270 [HikariPool-1 connection adder] [31mWARN [0;39m [36mo.m.jdbc.message.server.ErrorPacket[0;39m - Error: 1040-08004: Too many connections
2024-06-08 13:28:28.178 [HikariPool-1 connection adder] [31mWARN [0;39m [36mo.m.jdbc.message.server.ErrorPacket[0;39m - Error: 1040-08004: Too many connections
2024-06-08 13:28:34.145 [HikariPool-1 connection adder] [31mWARN [0;39m [36mo.m.jdbc.message.server.ErrorPacket[0;39m - Error: 1040-08004: Too many connections
2024-06-08 13:28:40.290 [HikariPool-1 connection adder] [31mWARN [0;39m [36mo.m.jdbc.message.server.ErrorPacket[0;39m - Error: 1040-08004: Too many connections
2024-06-08 13:28:46.218 [HikariPool-1 connection adder] [31mWARN [0;39m [36mo.m.jdbc.message.server.ErrorPacket[0;39m - Error: 1040-08004: Too many connections
2024-06-08 13:28:52.170 [HikariPool-1 connection adder] [31mWARN [0;39m [36mo.m.jdbc.message.server.ErrorPacket[0;39m - Error: 1040-08004: Too many connections
2024-06-08 13:28:58.092 [HikariPool-1 connection adder] [31mWARN [0;39m [36mo.m.jdbc.message.server.ErrorPacket[0;39m - Error: 1040-08004: Too many connections
2024-06-08 13:29:04.023 [HikariPool-1 connection adder] [31mWARN [0;39m [36mo.m.jdbc.message.server.ErrorPacket[0;39m - Error: 1040-08004: Too many connections
2024-06-08 13:29:09.959 [HikariPool-1 connection adder] [31mWARN [0;39m [36mo.m.jdbc.message.server.ErrorPacket[0;39m - Error: 1040-08004: Too many connections
2024-06-08 13:29:15.905 [HikariPool-1 connection adder] [31mWARN [0;39m [36mo.m.jdbc.message.server.ErrorPacket[0;39m - Error: 1040-08004: Too many connections
2024-06-08 13:29:21.852 [HikariPool-1 connection adder] [31mWARN [0;39m [36mo.m.jdbc.message.server.ErrorPacket[0;39m - Error: 1040-08004: Too many connections
2024-06-08 13:29:27.785 [HikariPool-1 connection adder] [31mWARN [0;39m [36mo.m.jdbc.message.server.ErrorPacket[0;39m - Error: 1040-08004: Too many connections
2024-06-08 13:29:33.736 [HikariPool-1 connection adder] [31mWARN [0;39m [36mo.m.jdbc.message.server.ErrorPacket[0;39m - Error: 1040-08004: Too many connections
2024-06-08 13:29:39.658 [HikariPool-1 connection adder] [31mWARN [0;39m [36mo.m.jdbc.message.server.ErrorPacket[0;39m - Error: 1040-08004: Too many connections
2024-06-08 13:29:45.601 [HikariPool-1 connection adder] [31mWARN [0;39m [36mo.m.jdbc.message.server.ErrorPacket[0;39m - Error: 1040-08004: Too many connections
2024-06-08 13:29:51.535 [HikariPool-1 connection adder] [31mWARN [0;39m [36mo.m.jdbc.message.server.ErrorPacket[0;39m - Error: 1040-08004: Too many connections
2024-06-08 13:29:57.487 [HikariPool-1 connection adder] [31mWARN [0;39m [36mo.m.jdbc.message.server.ErrorPacket[0;39m - Error: 1040-08004: Too many connections
2024-06-08 13:30:03.419 [HikariPool-1 connection adder] [31mWARN [0;39m [36mo.m.jdbc.message.server.ErrorPacket[0;39m - Error: 1040-08004: Too many connections
2024-06-08 13:30:09.421 [HikariPool-1 connection adder] [31mWARN [0;39m [36mo.m.jdbc.message.server.ErrorPacket[0;39m - Error: 1040-08004: Too many connections
2024-06-08 13:30:15.333 [HikariPool-1 connection adder] [31mWARN [0;39m [36mo.m.jdbc.message.server.ErrorPacket[0;39m - Error: 1040-08004: Too many connections
2024-06-08 13:30:21.229 [HikariPool-1 connection adder] [31mWARN [0;39m [36mo.m.jdbc.message.server.ErrorPacket[0;39m - Error: 1040-08004: Too many connections
2024-06-08 13:30:27.178 [HikariPool-1 connection adder] [31mWARN [0;39m [36mo.m.jdbc.message.server.ErrorPacket[0;39m - Error: 1040-08004: Too many connections
2024-06-08 13:30:33.122 [HikariPool-1 connection adder] [31mWARN [0;39m [36mo.m.jdbc.message.server.ErrorPacket[0;39m - Error: 1040-08004: Too many connections
2024-06-08 13:30:39.034 [HikariPool-1 connection adder] [31mWARN [0;39m [36mo.m.jdbc.message.server.ErrorPacket[0;39m - Error: 1040-08004: Too many connections
2024-06-08 13:30:45.032 [HikariPool-1 connection adder] [31mWARN [0;39m [36mo.m.jdbc.message.server.ErrorPacket[0;39m - Error: 1040-08004: Too many connections
2024-06-08 13:30:50.967 [HikariPool-1 connection adder] [31mWARN [0;39m [36mo.m.jdbc.message.server.ErrorPacket[0;39m - Error: 1040-08004: Too many connections
2024-06-08 13:30:56.887 [HikariPool-1 connection adder] [31mWARN [0;39m [36mo.m.jdbc.message.server.ErrorPacket[0;39m - Error: 1040-08004: Too many connections
2024-06-08 13:31:02.818 [HikariPool-1 connection adder] [31mWARN [0;39m [36mo.m.jdbc.message.server.ErrorPacket[0;39m - Error: 1040-08004: Too many connections
2024-06-08 13:31:09.264 [HikariPool-1 connection adder] [31mWARN [0;39m [36mo.m.jdbc.message.server.ErrorPacket[0;39m - Error: 1040-08004: Too many connections
2024-06-08 13:31:15.227 [HikariPool-1 connection adder] [31mWARN [0;39m [36mo.m.jdbc.message.server.ErrorPacket[0;39m - Error: 1040-08004: Too many connections
2024-06-08 13:31:47.056 [SpringApplicationShutdownHook] [34mINFO [0;39m [36mo.s.o.j.LocalContainerEntityManagerFactoryBean[0;39m - Closing JPA EntityManagerFactory for persistence unit 'default'
2024-06-08 13:31:47.097 [SpringApplicationShutdownHook] [34mINFO [0;39m [36mcom.zaxxer.hikari.HikariDataSource[0;39m - HikariPool-1 - Shutdown initiated...
2024-06-08 13:31:47.145 [SpringApplicationShutdownHook] [34mINFO [0;39m [36mcom.zaxxer.hikari.HikariDataSource[0;39m - HikariPool-1 - Shutdown completed.
